<?xml version="1.0" encoding="UTF-8"?>
<testng-results ignored="0" total="2" passed="2" failed="0" skipped="0">
  <reporter-output>
  </reporter-output>
  <suite started-at="2021-12-23T17:59:28 IST" name="Suite" finished-at="2021-12-23T18:00:15 IST" duration-ms="46107">
    <groups>
    </groups>
    <test started-at="2021-12-23T17:59:28 IST" name="LoginTest" finished-at="2021-12-23T18:00:09 IST" duration-ms="41006">
      <class name="com.inetBanking.testCases.TC_LoginTest_001">
        <test-method is-config="true" signature="setup()[pri:0, instance:com.inetBanking.testCases.TC_LoginTest_001@2e54db99]" started-at="2021-12-23T17:59:28 IST" name="setup" finished-at="2021-12-23T17:59:54 IST" duration-ms="25513" status="PASS">
          <reporter-output>
          </reporter-output>
        </test-method> <!-- setup -->
        <test-method signature="loginTest()[pri:0, instance:com.inetBanking.testCases.TC_LoginTest_001@2e54db99]" started-at="2021-12-23T17:59:54 IST" name="loginTest" finished-at="2021-12-23T18:00:04 IST" duration-ms="9736" status="PASS">
          <reporter-output>
          </reporter-output>
        </test-method> <!-- loginTest -->
        <test-method is-config="true" signature="teardown()[pri:0, instance:com.inetBanking.testCases.TC_LoginTest_001@2e54db99]" started-at="2021-12-23T18:00:04 IST" name="teardown" finished-at="2021-12-23T18:00:09 IST" duration-ms="5525" status="PASS">
          <reporter-output>
          </reporter-output>
        </test-method> <!-- teardown -->
      </class> <!-- com.inetBanking.testCases.TC_LoginTest_001 -->
    </test> <!-- LoginTest -->
    <test started-at="2021-12-23T17:59:28 IST" name="AddCustomerTest" finished-at="2021-12-23T18:00:15 IST" duration-ms="46107">
      <class name="com.inetBanking.testCases.TC_AddCustomer_002">
        <test-method is-config="true" signature="setup()[pri:0, instance:com.inetBanking.testCases.TC_AddCustomer_002@1d7f7be7]" started-at="2021-12-23T17:59:28 IST" name="setup" finished-at="2021-12-23T17:59:55 IST" duration-ms="26212" status="PASS">
          <reporter-output>
          </reporter-output>
        </test-method> <!-- setup -->
        <test-method signature="loginTest()[pri:0, instance:com.inetBanking.testCases.TC_AddCustomer_002@1d7f7be7]" started-at="2021-12-23T17:59:55 IST" name="loginTest" finished-at="2021-12-23T18:00:14 IST" duration-ms="18902" status="PASS">
          <reporter-output>
          </reporter-output>
        </test-method> <!-- loginTest -->
        <test-method is-config="true" signature="teardown()[pri:0, instance:com.inetBanking.testCases.TC_AddCustomer_002@1d7f7be7]" started-at="2021-12-23T18:00:14 IST" name="teardown" finished-at="2021-12-23T18:00:15 IST" duration-ms="940" status="PASS">
          <reporter-output>
          </reporter-output>
        </test-method> <!-- teardown -->
      </class> <!-- com.inetBanking.testCases.TC_AddCustomer_002 -->
    </test> <!-- AddCustomerTest -->
  </suite> <!-- Suite -->
</testng-results>
